2021/09/24 00:14:43 [notice] 1#1: using the "epoll" event method
2021/09/24 00:14:43 [notice] 1#1: nginx/1.21.3
2021/09/24 00:14:43 [notice] 1#1: built by gcc 8.3.0 (Debian 8.3.0-6) 
2021/09/24 00:14:43 [notice] 1#1: OS: Linux 5.10.47-linuxkit
2021/09/24 00:14:43 [notice] 1#1: getrlimit(RLIMIT_NOFILE): 1048576:1048576
2021/09/24 00:14:43 [notice] 1#1: start worker processes
2021/09/24 00:14:43 [notice] 1#1: start worker process 31
2021/09/24 00:14:43 [notice] 1#1: start worker process 32
2021/09/24 00:14:43 [notice] 1#1: start worker process 33
2021/09/24 00:14:43 [notice] 1#1: start worker process 34
2021/09/24 00:14:43 [notice] 1#1: start worker process 35
2021/09/24 00:14:43 [notice] 1#1: start worker process 36
2021/09/24 08:47:41 [notice] 31#31: signal 15 (SIGTERM) received, exiting
2021/09/24 08:47:41 [notice] 35#35: signal 15 (SIGTERM) received, exiting
2021/09/24 08:47:41 [notice] 32#32: signal 15 (SIGTERM) received, exiting
2021/09/24 08:47:41 [notice] 32#32: exiting
2021/09/24 08:47:41 [notice] 33#33: signal 15 (SIGTERM) received, exiting
2021/09/24 08:47:41 [notice] 33#33: exiting
2021/09/24 08:47:41 [notice] 36#36: signal 15 (SIGTERM) received, exiting
2021/09/24 08:47:41 [notice] 1#1: signal 15 (SIGTERM) received, exiting
2021/09/24 08:47:41 [notice] 34#34: signal 15 (SIGTERM) received, exiting
2021/09/24 08:47:41 [notice] 31#31: exiting
2021/09/24 08:47:41 [notice] 35#35: exiting
2021/09/24 08:47:41 [notice] 32#32: exit
2021/09/24 08:47:41 [notice] 33#33: exit
2021/09/24 08:47:41 [notice] 36#36: exiting
2021/09/24 08:47:41 [notice] 34#34: exiting
2021/09/24 08:47:41 [notice] 31#31: exit
2021/09/24 08:47:41 [notice] 35#35: exit
2021/09/24 08:47:41 [notice] 36#36: exit
2021/09/24 08:47:41 [notice] 34#34: exit
2021/09/28 00:57:45 [notice] 1#1: using the "epoll" event method
2021/09/28 00:57:45 [notice] 1#1: nginx/1.21.3
2021/09/28 00:57:45 [notice] 1#1: built by gcc 8.3.0 (Debian 8.3.0-6) 
2021/09/28 00:57:45 [notice] 1#1: OS: Linux 5.10.47-linuxkit
2021/09/28 00:57:45 [notice] 1#1: getrlimit(RLIMIT_NOFILE): 1048576:1048576
2021/09/28 00:57:45 [notice] 1#1: start worker processes
2021/09/28 00:57:45 [notice] 1#1: start worker process 32
2021/09/28 00:57:45 [notice] 1#1: start worker process 33
2021/09/28 00:57:45 [notice] 1#1: start worker process 34
2021/09/28 00:57:45 [notice] 1#1: start worker process 35
2021/09/28 00:57:45 [notice] 1#1: start worker process 36
2021/09/28 00:57:45 [notice] 1#1: start worker process 37
2021/09/28 07:47:49 [notice] 37#37: signal 15 (SIGTERM) received, exiting
2021/09/28 07:47:49 [notice] 36#36: signal 15 (SIGTERM) received, exiting
2021/09/28 07:47:49 [notice] 33#33: signal 15 (SIGTERM) received, exiting
2021/09/28 07:47:49 [notice] 34#34: signal 15 (SIGTERM) received, exiting
2021/09/28 07:47:49 [notice] 32#32: signal 15 (SIGTERM) received, exiting
2021/09/28 07:47:49 [notice] 37#37: exiting
2021/09/28 07:47:49 [notice] 36#36: exiting
2021/09/28 07:47:49 [notice] 35#35: signal 15 (SIGTERM) received, exiting
2021/09/28 07:47:49 [notice] 35#35: exiting
2021/09/28 07:47:49 [notice] 33#33: exiting
2021/09/28 07:47:49 [notice] 34#34: exiting
2021/09/28 07:47:49 [notice] 32#32: exiting
2021/09/28 07:47:49 [notice] 35#35: exit
2021/09/28 07:47:49 [notice] 37#37: exit
2021/09/28 07:47:49 [notice] 36#36: exit
2021/09/28 07:47:49 [notice] 33#33: exit
2021/10/12 04:46:14 [notice] 1#1: using the "epoll" event method
2021/10/12 04:46:14 [notice] 1#1: nginx/1.21.3
2021/10/12 04:46:14 [notice] 1#1: built by gcc 8.3.0 (Debian 8.3.0-6) 
2021/10/12 04:46:14 [notice] 1#1: OS: Linux 5.10.47-linuxkit
2021/10/12 04:46:14 [notice] 1#1: getrlimit(RLIMIT_NOFILE): 1048576:1048576
2021/10/12 04:46:14 [notice] 1#1: start worker processes
2021/10/12 04:46:14 [notice] 1#1: start worker process 31
2021/10/12 04:46:14 [notice] 1#1: start worker process 32
2021/10/12 04:46:14 [notice] 1#1: start worker process 33
2021/10/12 04:46:14 [notice] 1#1: start worker process 34
2021/10/12 04:46:14 [notice] 1#1: start worker process 35
2021/10/12 04:46:14 [notice] 1#1: start worker process 36
2021/10/12 04:51:37 [notice] 1#1: signal 3 (SIGQUIT) received, shutting down
2021/10/12 04:51:37 [notice] 32#32: gracefully shutting down
2021/10/12 04:51:37 [notice] 32#32: exiting
2021/10/12 04:51:37 [notice] 33#33: gracefully shutting down
2021/10/12 04:51:37 [notice] 31#31: gracefully shutting down
2021/10/12 04:51:37 [notice] 34#34: gracefully shutting down
2021/10/12 04:51:37 [notice] 34#34: exiting
2021/10/12 04:51:37 [notice] 35#35: gracefully shutting down
2021/10/12 04:51:37 [notice] 35#35: exiting
2021/10/12 04:51:37 [notice] 36#36: gracefully shutting down
2021/10/12 04:51:37 [notice] 32#32: exit
2021/10/12 04:51:37 [notice] 33#33: exiting
2021/10/12 04:51:37 [notice] 34#34: exit
2021/10/12 04:51:37 [notice] 35#35: exit
2021/10/12 04:51:37 [notice] 36#36: exiting
2021/10/12 04:51:37 [notice] 33#33: exit
2021/10/12 04:51:37 [notice] 36#36: exit
2021/10/12 04:51:37 [notice] 1#1: signal 17 (SIGCHLD) received from 32
2021/10/12 04:51:37 [notice] 1#1: worker process 32 exited with code 0
2021/10/12 04:51:37 [notice] 1#1: signal 29 (SIGIO) received
2021/10/12 04:51:37 [notice] 1#1: signal 17 (SIGCHLD) received from 34
2021/10/12 04:51:37 [notice] 1#1: worker process 33 exited with code 0
2021/10/12 04:51:37 [notice] 1#1: worker process 34 exited with code 0
2021/10/12 04:51:37 [notice] 1#1: worker process 35 exited with code 0
2021/10/12 04:51:37 [notice] 1#1: signal 29 (SIGIO) received
2021/10/12 04:51:37 [notice] 1#1: signal 17 (SIGCHLD) received from 33
2021/10/12 04:51:37 [notice] 1#1: worker process 36 exited with code 0
2021/10/12 04:51:37 [notice] 1#1: signal 29 (SIGIO) received
